<?xml version="1.0" encoding="UTF-8"?>
<!-- Generated by org.testng.reporters.JUnitReportReporter -->
<testsuite hostname="DESKTOP-OCRHRAL" failures="0" tests="1" name="UdemyElement.selectdatetimepicker" time="19.979" errors="0" timestamp="2023-09-20T08:49:04 BST" skipped="0">
  <testcase classname="UdemyElement.selectdatetimepicker" name="addstock" time="19.979"/>
  <system-out/>
</testsuite> <!-- UdemyElement.selectdatetimepicker -->
