<?xml version="1.0" encoding="UTF-8"?>
<!-- Generated by org.testng.reporters.JUnitReportReporter -->
<testsuite hostname="DESKTOP-OCRHRAL" failures="0" tests="3" name="guru99.extentReport" time="0.031" errors="0" timestamp="2023-09-12T10:16:50 BST" skipped="1">
  <testcase classname="guru99.extentReport" name="test_2" time="0.012"/>
  <system-out/>
  <testcase classname="guru99.extentReport" name="test_3" time="0.004">
    <skipped/>
  </testcase> <!-- test_3 -->
  <system-out/>
  <testcase classname="guru99.extentReport" name="test_1" time="0.015"/>
  <system-out/>
</testsuite> <!-- guru99.extentReport -->
