<?xml version="1.0" encoding="UTF-8"?>
<!-- Generated by org.testng.reporters.JUnitReportReporter -->
<testsuite hostname="DESKTOP-OCRHRAL" failures="0" tests="2" name="guru99.loginfreecrm" time="0.871" errors="0" timestamp="2023-09-10T18:38:27 BST" skipped="0">
  <testcase classname="guru99.loginfreecrm" name="logincrm" time="0.403"/>
  <system-out/>
  <testcase classname="guru99.loginfreecrm" name="logincrm" time="0.468"/>
  <system-out/>
</testsuite> <!-- guru99.loginfreecrm -->
