<?xml version="1.0" encoding="UTF-8"?>
<!-- Generated by org.testng.reporters.JUnitReportReporter -->
<testsuite hostname="DESKTOP-OCRHRAL" failures="0" tests="1" name="guru99.ExtentReport2" time="0.179" errors="0" timestamp="2023-09-13T13:58:50 BST" skipped="0">
  <testcase classname="guru99.ExtentReport2" name="validate" time="0.179"/>
  <system-out/>
</testsuite> <!-- guru99.ExtentReport2 -->
