<?xml version="1.0" encoding="UTF-8"?>
<!-- Generated by org.testng.reporters.JUnitReportReporter -->
<testsuite hostname="DESKTOP-OCRHRAL" failures="0" tests="1" name="guru99.extentreport1" time="4.340" errors="0" timestamp="2023-09-13T09:39:17 BST" skipped="0">
  <testcase classname="guru99.extentreport1" name="reports" time="4.340"/>
  <system-out/>
</testsuite> <!-- guru99.extentreport1 -->
