<?xml version="1.0" encoding="UTF-8"?>
<!-- Generated by org.testng.reporters.JUnitReportReporter -->
<testsuite hostname="DESKTOP-OCRHRAL" failures="0" tests="2" name="testCases.TC01_E2E_Test" time="5.400" errors="0" timestamp="2023-08-24T14:56:03 BST" skipped="0">
  <testcase classname="testCases.TC01_E2E_Test" name="loginTest" time="5.139"/>
  <system-out/>
  <testcase classname="testCases.TC01_E2E_Test" name="tearDown" time="0.261"/>
  <system-out/>
</testsuite> <!-- testCases.TC01_E2E_Test -->
