<?xml version="1.0" encoding="UTF-8"?>
<!-- Generated by org.testng.reporters.JUnitReportReporter -->
<testsuite hostname="DESKTOP-OCRHRAL" failures="0" tests="1" name="guru99.login" time="1.129" errors="0" timestamp="2023-09-04T11:22:14 BST" skipped="0">
  <testcase classname="guru99.login" name="loginguru" time="1.129"/>
  <system-out/>
</testsuite> <!-- guru99.login -->
