<?xml version="1.0" encoding="UTF-8"?>
<!-- Generated by org.testng.reporters.JUnitReportReporter -->
<testsuite hostname="DESKTOP-OCRHRAL" failures="0" tests="1" name="guru99.Day2" time="3.509" errors="0" timestamp="2023-09-06T11:41:56 BST" skipped="0">
  <testcase classname="guru99.Day2" name="createAccount" time="3.509"/>
  <system-out/>
</testsuite> <!-- guru99.Day2 -->
