<?xml version="1.0" encoding="UTF-8"?>
<!-- Generated by org.testng.reporters.JUnitReportReporter -->
<testsuite hostname="DESKTOP-OCRHRAL" failures="0" tests="1" name="TestApp.mousemove" time="1.446" errors="0" timestamp="2023-08-27T12:34:38 BST" skipped="0">
  <testcase classname="TestApp.mousemove" name="getdropdown" time="1.446"/>
  <system-out/>
</testsuite> <!-- TestApp.mousemove -->
