<?xml version="1.0" encoding="UTF-8"?>
<!-- Generated by org.testng.reporters.JUnitReportReporter -->
<testsuite hostname="DESKTOP-OCRHRAL" failures="0" tests="1" name="TestApp.webtable" time="0.466" errors="0" timestamp="2023-08-25T10:57:53 BST" skipped="0">
  <testcase classname="TestApp.webtable" name="validate" time="0.466"/>
  <system-out/>
</testsuite> <!-- TestApp.webtable -->
