<?xml version="1.0" encoding="UTF-8"?>
<!-- Generated by org.testng.reporters.JUnitReportReporter -->
<testsuite hostname="DESKTOP-OCRHRAL" failures="0" tests="1" name="TestApp.demoqa" time="1.263" errors="0" timestamp="2023-08-25T14:02:00 BST" skipped="0">
  <testcase classname="TestApp.demoqa" name="validate" time="1.263"/>
  <system-out/>
</testsuite> <!-- TestApp.demoqa -->
