<?xml version="1.0" encoding="UTF-8"?>
<!-- Generated by org.testng.reporters.JUnitReportReporter -->
<testsuite hostname="DESKTOP-OCRHRAL" failures="0" tests="1" name="TestApp.radiobutton" time="0.051" errors="0" timestamp="2023-08-25T15:33:38 BST" skipped="0">
  <testcase classname="TestApp.radiobutton" name="validate" time="0.051"/>
  <system-out/>
</testsuite> <!-- TestApp.radiobutton -->
