<?xml version="1.0" encoding="UTF-8"?>
<!-- Generated by org.testng.reporters.JUnitReportReporter -->
<testsuite hostname="DESKTOP-OCRHRAL" failures="0" tests="1" name="TestApp.cssSelector" time="0.762" errors="0" timestamp="2023-08-27T08:49:28 BST" skipped="0">
  <testcase classname="TestApp.cssSelector" name="valiadte" time="0.762"/>
  <system-out/>
</testsuite> <!-- TestApp.cssSelector -->
